<?xml version="1.0" encoding="UTF-8"?>
<Site BuildName="Darwin-c++"
	BuildStamp="20241102-1644-Experimental"
	Name="MacBook-Pro-core.local"
	Generator="ctest-3.30.5"
	CompilerName="/Library/Developer/CommandLineTools/usr/bin/c++"
	CompilerVersion="15.0.0.15000100"
	OSName="macOS"
	Hostname="MacBook-Pro-core.local"
	OSRelease="13.6.9"
	OSVersion="22G830"
	OSPlatform="x86_64"
	Is64Bits="1"
	VendorString="GenuineIntel"
	VendorID="Intel Corporation"
	FamilyID="6"
	ModelID="158"
	ProcessorCacheSize="32768"
	NumberOfLogicalCPU="8"
	NumberOfPhysicalCPU="4"
	TotalVirtualMemory="4096"
	TotalPhysicalMemory="16384"
	LogicalProcessorsPerPhysical="8"
	ProcessorClockFrequency="2800"
	>
	<Testing>
		<StartDateTime>Nov 02 21:44 +05</StartDateTime>
		<StartTestTime>1730565846</StartTestTime>
		<TestList/>
		<EndDateTime>Nov 02 21:44 +05</EndDateTime>
		<EndTestTime>1730565846</EndTestTime>
		<ElapsedMinutes>0</ElapsedMinutes>
	</Testing>
</Site>
